
> admin-dashboard@1.0.0 start
> node backend/dist/server.js

Admin dashboard server running on http://0.0.0.0:3000
Process management enabled with persistent state
Discovering agents in: [ '/home/adamsl/planner', '/home/adamsl/ottomator-agents' ]
Discovered agent: planner-agent in /home/adamsl/planner
Discovered agent: dashboard-ops-agent in /home/adamsl/planner/dashboard_ops_agent
Discovered agent: orchestrator-agent in /home/adamsl/planner/orchestrator_agent
Registered 3 discovered agents
Server orchestrator initialized
Server planner-agent started with PID 65991
Server dashboard-ops-agent started with PID 66370
Server orchestrator-agent started with PID 66659
Process planner-agent died unexpectedly
Server pydantic-web-server started with PID 84360
Process pydantic-web-server died unexpectedly
Server api-server started with PID 84968
Process api-server died unexpectedly
Server api-server started with PID 86117
Process api-server died unexpectedly
Server api-server started with PID 89358
Process api-server died unexpectedly
Server api-server started with PID 96631
Process api-server died unexpectedly
Server planner-agent started with PID 97312
Process planner-agent died unexpectedly
Server api-server started with PID 98301
Process api-server died unexpectedly
Server api-server started with PID 99344
Process api-server died unexpectedly
Server api-server started with PID 103407
Process api-server died unexpectedly
Server api-server started with PID 455629
Process api-server died unexpectedly
Server api-server started with PID 460966
Process api-server died unexpectedly
Server api-server started with PID 1447637
Process api-server died unexpectedly
Server api-server stopped
Server api-server started with PID 1451347
Process api-server died unexpectedly
Server api-server started with PID 1458778
Process api-server died unexpectedly
Server api-server stopped
Server api-server started with PID 1461183
Process api-server died unexpectedly
Docling report error: Error: Command failed: python3 "/home/adamsl/planner/docling/test_january_statement.py"
Traceback (most recent call last):
  File "/home/adamsl/planner/docling/test_january_statement.py", line 9, in <module>
    from docling.document_converter import DocumentConverter
ModuleNotFoundError: No module named 'docling'

    at genericNodeError (node:internal/errors:983:15)
    at wrappedFn (node:internal/errors:537:14)
    at ChildProcess.exithandler (node:child_process:417:12)
    at ChildProcess.emit (node:events:519:28)
    at maybeClose (node:internal/child_process:1101:16)
    at ChildProcess._handle.onexit (node:internal/child_process:304:5) {
  code: 1,
  killed: false,
  signal: null,
  cmd: 'python3 "/home/adamsl/planner/docling/test_january_statement.py"',
  stdout: '',
  stderr: 'Traceback (most recent call last):\n' +
    '  File "/home/adamsl/planner/docling/test_january_statement.py", line 9, in <module>\n' +
    '    from docling.document_converter import DocumentConverter\n' +
    "ModuleNotFoundError: No module named 'docling'\n"
}
