chromadb.telemetry.product.posthog - INFO - Anonymized telemetry enabled. See                     https://docs.trychroma.com/telemetry for more information.
sentence_transformers.SentenceTransformer - INFO - Use pytorch device_name: cpu
sentence_transformers.SentenceTransformer - INFO - Load pretrained SentenceTransformer: all-MiniLM-L6-v2
[orchestrator-agent] Started. Listening on topic 'orchestrator'...
[orchestrator-agent] Scanning for agents...
sentence_transformers.SentenceTransformer - INFO - Use pytorch device_name: cpu
sentence_transformers.SentenceTransformer - INFO - Load pretrained SentenceTransformer: all-MiniLM-L6-v2
    Letta unavailable, using ChromaDB memory (fallback)
sentence_transformers.SentenceTransformer - INFO - Use pytorch device_name: cpu
sentence_transformers.SentenceTransformer - INFO - Load pretrained SentenceTransformer: all-MiniLM-L6-v2
    Letta unavailable, using ChromaDB memory (fallback)
sentence_transformers.SentenceTransformer - INFO - Use pytorch device_name: cpu
sentence_transformers.SentenceTransformer - INFO - Load pretrained SentenceTransformer: all-MiniLM-L6-v2
    Letta unavailable, using ChromaDB memory (fallback)
sentence_transformers.SentenceTransformer - INFO - Use pytorch device_name: cpu
sentence_transformers.SentenceTransformer - INFO - Load pretrained SentenceTransformer: all-MiniLM-L6-v2
    Letta unavailable, using ChromaDB memory (fallback)
sentence_transformers.SentenceTransformer - INFO - Use pytorch device_name: cpu
sentence_transformers.SentenceTransformer - INFO - Load pretrained SentenceTransformer: all-MiniLM-L6-v2
    Letta unavailable, using ChromaDB memory (fallback)
sentence_transformers.SentenceTransformer - INFO - Use pytorch device_name: cpu
sentence_transformers.SentenceTransformer - INFO - Load pretrained SentenceTransformer: all-MiniLM-L6-v2
    Letta unavailable, using ChromaDB memory (fallback)
[orchestrator-agent] letta memory backend: chromadb -> connected
[orchestrator-agent] coder-agent memory backend: chromadb -> connected
[orchestrator-agent] dashboard-agent memory backend: chromadb -> connected
[orchestrator-agent] tester-agent memory backend: chromadb -> connected
[orchestrator-agent] Discovered 4 agents: ['letta', 'coder-agent', 'dashboard-agent', 'tester-agent']
a2a_communicating_agents.agent_messaging.transport_manager - INFO - Initializing shared transport for agent: orchestrator-agent
sentence_transformers.SentenceTransformer - INFO - Use pytorch device_name: cpu
sentence_transformers.SentenceTransformer - INFO - Load pretrained SentenceTransformer: all-MiniLM-L6-v2
    Letta unavailable, using RAG message board (fallback)
a2a_communicating_agents.agent_messaging.transport_manager - INFO - ✅ Shared transport initialized: rag (by orchestrator-agent)
a2a_communicating_agents.agent_messaging.messenger - INFO - ✅ Agent 'orchestrator-agent' using shared rag transport
a2a_communicating_agents.agent_messaging.messenger - WARNING - Subscribe not supported on rag transport. Use read_messages() polling instead.
