[dashboard-ops-agent] Agent started. Listening on topic 'ops'...
[dashboard-ops-agent] Server is already running.
chromadb.telemetry.product.posthog - INFO - Anonymized telemetry enabled. See                     https://docs.trychroma.com/telemetry for more information.
sentence_transformers.SentenceTransformer - INFO - Use pytorch device_name: cpu
sentence_transformers.SentenceTransformer - INFO - Load pretrained SentenceTransformer: all-MiniLM-L6-v2
    Letta unavailable, using RAG message board (fallback)
  Messenger initialized using: rag
[RAGBoardTransport] Polling with query: to:board topic:ops
[RAGBoardTransport] Found 4 results

  Message Board (4 messages):
+----------------------------- [1] From: unknown -----------------------------+
| **From:** cli-user **To:** board **Topic:** planner-agent **Priority:**     |
| normal **Time:** 2025-11-23T18:20:58.188644 {"jsonrpc": "2.0", "method":    |
| "agent.execute_task", "params": {"description": "hello from CLI"}, "id": 1} |
+-----------------------------------------------------------------------------+
+----------------------------- [2] From: unknown -----------------------------+
| **From:** cli-user **To:** board **Topic:** planner-agent **Priority:**     |
| normal **Time:** 2025-11-23T18:27:32.034794 {"jsonrpc": "2.0", "method":    |
| "agent.execute_task", "params": {"description": "hello from CLI"}, "id": 1} |
+-----------------------------------------------------------------------------+
+----------------------------- [3] From: unknown -----------------------------+
| **Action**: start **Environment**: development Dashboard server started     |
| automatically by ops agent                                                  |
+-----------------------------------------------------------------------------+
+----------------------------- [4] From: unknown -----------------------------+
| Attempting to start dashboard server on port 3000                           |
+-----------------------------------------------------------------------------+
[RAGBoardTransport] Polling with query: to:board topic:ops
[RAGBoardTransport] Found 4 results

  Message Board (4 messages):
+----------------------------- [1] From: unknown -----------------------------+
| **From:** cli-user **To:** board **Topic:** planner-agent **Priority:**     |
| normal **Time:** 2025-11-23T18:20:58.188644 {"jsonrpc": "2.0", "method":    |
| "agent.execute_task", "params": {"description": "hello from CLI"}, "id": 1} |
+-----------------------------------------------------------------------------+
+----------------------------- [2] From: unknown -----------------------------+
| **From:** cli-user **To:** board **Topic:** planner-agent **Priority:**     |
| normal **Time:** 2025-11-23T18:27:32.034794 {"jsonrpc": "2.0", "method":    |
| "agent.execute_task", "params": {"description": "hello from CLI"}, "id": 1} |
+-----------------------------------------------------------------------------+
+----------------------------- [3] From: unknown -----------------------------+
| **Action**: start **Environment**: development Dashboard server started     |
| automatically by ops agent                                                  |
+-----------------------------------------------------------------------------+
+----------------------------- [4] From: unknown -----------------------------+
| Attempting to start dashboard server on port 3000                           |
+-----------------------------------------------------------------------------+
[RAGBoardTransport] Polling with query: to:board topic:ops
[RAGBoardTransport] Found 4 results

  Message Board (4 messages):
+----------------------------- [1] From: unknown -----------------------------+
| **From:** cli-user **To:** board **Topic:** planner-agent **Priority:**     |
| normal **Time:** 2025-11-23T18:20:58.188644 {"jsonrpc": "2.0", "method":    |
| "agent.execute_task", "params": {"description": "hello from CLI"}, "id": 1} |
+-----------------------------------------------------------------------------+
+----------------------------- [2] From: unknown -----------------------------+
| **From:** cli-user **To:** board **Topic:** planner-agent **Priority:**     |
| normal **Time:** 2025-11-23T18:27:32.034794 {"jsonrpc": "2.0", "method":    |
| "agent.execute_task", "params": {"description": "hello from CLI"}, "id": 1} |
+-----------------------------------------------------------------------------+
+----------------------------- [3] From: unknown -----------------------------+
| **Action**: start **Environment**: development Dashboard server started     |
| automatically by ops agent                                                  |
+-----------------------------------------------------------------------------+
+----------------------------- [4] From: unknown -----------------------------+
| Attempting to start dashboard server on port 3000                           |
+-----------------------------------------------------------------------------+
[RAGBoardTransport] Polling with query: to:board topic:ops
[RAGBoardTransport] Found 4 results

  Message Board (4 messages):
+----------------------------- [1] From: unknown -----------------------------+
| **From:** cli-user **To:** board **Topic:** planner-agent **Priority:**     |
| normal **Time:** 2025-11-23T18:20:58.188644 {"jsonrpc": "2.0", "method":    |
| "agent.execute_task", "params": {"description": "hello from CLI"}, "id": 1} |
+-----------------------------------------------------------------------------+
+----------------------------- [2] From: unknown -----------------------------+
| **From:** cli-user **To:** board **Topic:** planner-agent **Priority:**     |
| normal **Time:** 2025-11-23T18:27:32.034794 {"jsonrpc": "2.0", "method":    |
| "agent.execute_task", "params": {"description": "hello from CLI"}, "id": 1} |
+-----------------------------------------------------------------------------+
+----------------------------- [3] From: unknown -----------------------------+
| **Action**: start **Environment**: development Dashboard server started     |
| automatically by ops agent                                                  |
+-----------------------------------------------------------------------------+
+----------------------------- [4] From: unknown -----------------------------+
| Attempting to start dashboard server on port 3000                           |
+-----------------------------------------------------------------------------+
[RAGBoardTransport] Polling with query: to:board topic:ops
[RAGBoardTransport] Found 4 results

  Message Board (4 messages):
+----------------------------- [1] From: unknown -----------------------------+
| **From:** cli-user **To:** board **Topic:** planner-agent **Priority:**     |
| normal **Time:** 2025-11-23T18:20:58.188644 {"jsonrpc": "2.0", "method":    |
| "agent.execute_task", "params": {"description": "hello from CLI"}, "id": 1} |
+-----------------------------------------------------------------------------+
+----------------------------- [2] From: unknown -----------------------------+
| **From:** cli-user **To:** board **Topic:** planner-agent **Priority:**     |
| normal **Time:** 2025-11-23T18:27:32.034794 {"jsonrpc": "2.0", "method":    |
| "agent.execute_task", "params": {"description": "hello from CLI"}, "id": 1} |
+-----------------------------------------------------------------------------+
+----------------------------- [3] From: unknown -----------------------------+
| **Action**: start **Environment**: development Dashboard server started     |
| automatically by ops agent                                                  |
+-----------------------------------------------------------------------------+
+----------------------------- [4] From: unknown -----------------------------+
| Attempting to start dashboard server on port 3000                           |
+-----------------------------------------------------------------------------+
[RAGBoardTransport] Polling with query: to:board topic:ops
[RAGBoardTransport] Found 4 results

  Message Board (4 messages):
+----------------------------- [1] From: unknown -----------------------------+
| **From:** cli-user **To:** board **Topic:** planner-agent **Priority:**     |
| normal **Time:** 2025-11-23T18:20:58.188644 {"jsonrpc": "2.0", "method":    |
| "agent.execute_task", "params": {"description": "hello from CLI"}, "id": 1} |
+-----------------------------------------------------------------------------+
+----------------------------- [2] From: unknown -----------------------------+
| **From:** cli-user **To:** board **Topic:** planner-agent **Priority:**     |
| normal **Time:** 2025-11-23T18:27:32.034794 {"jsonrpc": "2.0", "method":    |
| "agent.execute_task", "params": {"description": "hello from CLI"}, "id": 1} |
+-----------------------------------------------------------------------------+
+----------------------------- [3] From: unknown -----------------------------+
| **Action**: start **Environment**: development Dashboard server started     |
| automatically by ops agent                                                  |
+-----------------------------------------------------------------------------+
+----------------------------- [4] From: unknown -----------------------------+
| Attempting to start dashboard server on port 3000                           |
+-----------------------------------------------------------------------------+
[RAGBoardTransport] Polling with query: to:board topic:ops
[RAGBoardTransport] Found 4 results

  Message Board (4 messages):
+----------------------------- [1] From: unknown -----------------------------+
| **From:** cli-user **To:** board **Topic:** planner-agent **Priority:**     |
| normal **Time:** 2025-11-23T18:20:58.188644 {"jsonrpc": "2.0", "method":    |
| "agent.execute_task", "params": {"description": "hello from CLI"}, "id": 1} |
+-----------------------------------------------------------------------------+
+----------------------------- [2] From: unknown -----------------------------+
| **From:** cli-user **To:** board **Topic:** planner-agent **Priority:**     |
| normal **Time:** 2025-11-23T18:27:32.034794 {"jsonrpc": "2.0", "method":    |
| "agent.execute_task", "params": {"description": "hello from CLI"}, "id": 1} |
+-----------------------------------------------------------------------------+
+----------------------------- [3] From: unknown -----------------------------+
| **Action**: start **Environment**: development Dashboard server started     |
| automatically by ops agent                                                  |
+-----------------------------------------------------------------------------+
+----------------------------- [4] From: unknown -----------------------------+
| Attempting to start dashboard server on port 3000                           |
+-----------------------------------------------------------------------------+
[RAGBoardTransport] Polling with query: to:board topic:ops
[RAGBoardTransport] Found 4 results

  Message Board (4 messages):
+----------------------------- [1] From: unknown -----------------------------+
| **From:** cli-user **To:** board **Topic:** planner-agent **Priority:**     |
| normal **Time:** 2025-11-23T18:20:58.188644 {"jsonrpc": "2.0", "method":    |
| "agent.execute_task", "params": {"description": "hello from CLI"}, "id": 1} |
+-----------------------------------------------------------------------------+
+----------------------------- [2] From: unknown -----------------------------+
| **From:** cli-user **To:** board **Topic:** planner-agent **Priority:**     |
| normal **Time:** 2025-11-23T18:27:32.034794 {"jsonrpc": "2.0", "method":    |
| "agent.execute_task", "params": {"description": "hello from CLI"}, "id": 1} |
+-----------------------------------------------------------------------------+
+----------------------------- [3] From: unknown -----------------------------+
| **Action**: start **Environment**: development Dashboard server started     |
| automatically by ops agent                                                  |
+-----------------------------------------------------------------------------+
+----------------------------- [4] From: unknown -----------------------------+
| Attempting to start dashboard server on port 3000                           |
+-----------------------------------------------------------------------------+
[RAGBoardTransport] Polling with query: to:board topic:ops
[RAGBoardTransport] Found 4 results

  Message Board (4 messages):
+----------------------------- [1] From: unknown -----------------------------+
| **From:** cli-user **To:** board **Topic:** planner-agent **Priority:**     |
| normal **Time:** 2025-11-23T18:20:58.188644 {"jsonrpc": "2.0", "method":    |
| "agent.execute_task", "params": {"description": "hello from CLI"}, "id": 1} |
+-----------------------------------------------------------------------------+
+----------------------------- [2] From: unknown -----------------------------+
| **From:** cli-user **To:** board **Topic:** planner-agent **Priority:**     |
| normal **Time:** 2025-11-23T18:27:32.034794 {"jsonrpc": "2.0", "method":    |
| "agent.execute_task", "params": {"description": "hello from CLI"}, "id": 1} |
+-----------------------------------------------------------------------------+
+----------------------------- [3] From: unknown -----------------------------+
| **Action**: start **Environment**: development Dashboard server started     |
| automatically by ops agent                                                  |
+-----------------------------------------------------------------------------+
+----------------------------- [4] From: unknown -----------------------------+
| Attempting to start dashboard server on port 3000                           |
+-----------------------------------------------------------------------------+
[RAGBoardTransport] Polling with query: to:board topic:ops
[RAGBoardTransport] Found 4 results

  Message Board (4 messages):
+----------------------------- [1] From: unknown -----------------------------+
| **From:** cli-user **To:** board **Topic:** planner-agent **Priority:**     |
| normal **Time:** 2025-11-23T18:20:58.188644 {"jsonrpc": "2.0", "method":    |
| "agent.execute_task", "params": {"description": "hello from CLI"}, "id": 1} |
+-----------------------------------------------------------------------------+
+----------------------------- [2] From: unknown -----------------------------+
| **From:** cli-user **To:** board **Topic:** planner-agent **Priority:**     |
| normal **Time:** 2025-11-23T18:27:32.034794 {"jsonrpc": "2.0", "method":    |
| "agent.execute_task", "params": {"description": "hello from CLI"}, "id": 1} |
+-----------------------------------------------------------------------------+
+----------------------------- [3] From: unknown -----------------------------+
| **Action**: start **Environment**: development Dashboard server started     |
| automatically by ops agent                                                  |
+-----------------------------------------------------------------------------+
+----------------------------- [4] From: unknown -----------------------------+
| Attempting to start dashboard server on port 3000                           |
+-----------------------------------------------------------------------------+
[RAGBoardTransport] Polling with query: to:board topic:ops
[RAGBoardTransport] Found 4 results

  Message Board (4 messages):
+----------------------------- [1] From: unknown -----------------------------+
| **From:** cli-user **To:** board **Topic:** planner-agent **Priority:**     |
| normal **Time:** 2025-11-23T18:20:58.188644 {"jsonrpc": "2.0", "method":    |
| "agent.execute_task", "params": {"description": "hello from CLI"}, "id": 1} |
+-----------------------------------------------------------------------------+
+----------------------------- [2] From: unknown -----------------------------+
| **From:** cli-user **To:** board **Topic:** planner-agent **Priority:**     |
| normal **Time:** 2025-11-23T18:27:32.034794 {"jsonrpc": "2.0", "method":    |
| "agent.execute_task", "params": {"description": "hello from CLI"}, "id": 1} |
+-----------------------------------------------------------------------------+
+----------------------------- [3] From: unknown -----------------------------+
| **Action**: start **Environment**: development Dashboard server started     |
| automatically by ops agent                                                  |
+-----------------------------------------------------------------------------+
+----------------------------- [4] From: unknown -----------------------------+
| Attempting to start dashboard server on port 3000                           |
+-----------------------------------------------------------------------------+
[RAGBoardTransport] Polling with query: to:board topic:ops
[RAGBoardTransport] Found 4 results

  Message Board (4 messages):
+----------------------------- [1] From: unknown -----------------------------+
| **From:** cli-user **To:** board **Topic:** planner-agent **Priority:**     |
| normal **Time:** 2025-11-23T18:20:58.188644 {"jsonrpc": "2.0", "method":    |
| "agent.execute_task", "params": {"description": "hello from CLI"}, "id": 1} |
+-----------------------------------------------------------------------------+
+----------------------------- [2] From: unknown -----------------------------+
| **From:** cli-user **To:** board **Topic:** planner-agent **Priority:**     |
| normal **Time:** 2025-11-23T18:27:32.034794 {"jsonrpc": "2.0", "method":    |
| "agent.execute_task", "params": {"description": "hello from CLI"}, "id": 1} |
+-----------------------------------------------------------------------------+
+----------------------------- [3] From: unknown -----------------------------+
| **Action**: start **Environment**: development Dashboard server started     |
| automatically by ops agent                                                  |
+-----------------------------------------------------------------------------+
+----------------------------- [4] From: unknown -----------------------------+
| Attempting to start dashboard server on port 3000                           |
+-----------------------------------------------------------------------------+
[RAGBoardTransport] Polling with query: to:board topic:ops
[RAGBoardTransport] Found 4 results

  Message Board (4 messages):
+----------------------------- [1] From: unknown -----------------------------+
| **From:** cli-user **To:** board **Topic:** planner-agent **Priority:**     |
| normal **Time:** 2025-11-23T18:20:58.188644 {"jsonrpc": "2.0", "method":    |
| "agent.execute_task", "params": {"description": "hello from CLI"}, "id": 1} |
+-----------------------------------------------------------------------------+
+----------------------------- [2] From: unknown -----------------------------+
| **From:** cli-user **To:** board **Topic:** planner-agent **Priority:**     |
| normal **Time:** 2025-11-23T18:27:32.034794 {"jsonrpc": "2.0", "method":    |
| "agent.execute_task", "params": {"description": "hello from CLI"}, "id": 1} |
+-----------------------------------------------------------------------------+
+----------------------------- [3] From: unknown -----------------------------+
| **Action**: start **Environment**: development Dashboard server started     |
| automatically by ops agent                                                  |
+-----------------------------------------------------------------------------+
+----------------------------- [4] From: unknown -----------------------------+
| Attempting to start dashboard server on port 3000                           |
+-----------------------------------------------------------------------------+
[RAGBoardTransport] Polling with query: to:board topic:ops
[RAGBoardTransport] Found 4 results

  Message Board (4 messages):
+----------------------------- [1] From: unknown -----------------------------+
| **From:** cli-user **To:** board **Topic:** planner-agent **Priority:**     |
| normal **Time:** 2025-11-23T18:20:58.188644 {"jsonrpc": "2.0", "method":    |
| "agent.execute_task", "params": {"description": "hello from CLI"}, "id": 1} |
+-----------------------------------------------------------------------------+
+----------------------------- [2] From: unknown -----------------------------+
| **From:** cli-user **To:** board **Topic:** planner-agent **Priority:**     |
| normal **Time:** 2025-11-23T18:27:32.034794 {"jsonrpc": "2.0", "method":    |
| "agent.execute_task", "params": {"description": "hello from CLI"}, "id": 1} |
+-----------------------------------------------------------------------------+
+----------------------------- [3] From: unknown -----------------------------+
| **Action**: start **Environment**: development Dashboard server started     |
| automatically by ops agent                                                  |
+-----------------------------------------------------------------------------+
+----------------------------- [4] From: unknown -----------------------------+
| Attempting to start dashboard server on port 3000                           |
+-----------------------------------------------------------------------------+
[RAGBoardTransport] Polling with query: to:board topic:ops
[RAGBoardTransport] Found 4 results

  Message Board (4 messages):
+----------------------------- [1] From: unknown -----------------------------+
| **From:** cli-user **To:** board **Topic:** planner-agent **Priority:**     |
| normal **Time:** 2025-11-23T18:20:58.188644 {"jsonrpc": "2.0", "method":    |
| "agent.execute_task", "params": {"description": "hello from CLI"}, "id": 1} |
+-----------------------------------------------------------------------------+
+----------------------------- [2] From: unknown -----------------------------+
| **From:** cli-user **To:** board **Topic:** planner-agent **Priority:**     |
| normal **Time:** 2025-11-23T18:27:32.034794 {"jsonrpc": "2.0", "method":    |
| "agent.execute_task", "params": {"description": "hello from CLI"}, "id": 1} |
+-----------------------------------------------------------------------------+
+----------------------------- [3] From: unknown -----------------------------+
| **Action**: start **Environment**: development Dashboard server started     |
| automatically by ops agent                                                  |
+-----------------------------------------------------------------------------+
+----------------------------- [4] From: unknown -----------------------------+
| Attempting to start dashboard server on port 3000                           |
+-----------------------------------------------------------------------------+
[RAGBoardTransport] Polling with query: to:board topic:ops
[RAGBoardTransport] Found 4 results

  Message Board (4 messages):
+----------------------------- [1] From: unknown -----------------------------+
| **From:** cli-user **To:** board **Topic:** planner-agent **Priority:**     |
| normal **Time:** 2025-11-23T18:20:58.188644 {"jsonrpc": "2.0", "method":    |
| "agent.execute_task", "params": {"description": "hello from CLI"}, "id": 1} |
+-----------------------------------------------------------------------------+
+----------------------------- [2] From: unknown -----------------------------+
| **From:** cli-user **To:** board **Topic:** planner-agent **Priority:**     |
| normal **Time:** 2025-11-23T18:27:32.034794 {"jsonrpc": "2.0", "method":    |
| "agent.execute_task", "params": {"description": "hello from CLI"}, "id": 1} |
+-----------------------------------------------------------------------------+
+----------------------------- [3] From: unknown -----------------------------+
| **Action**: start **Environment**: development Dashboard server started     |
| automatically by ops agent                                                  |
+-----------------------------------------------------------------------------+
+----------------------------- [4] From: unknown -----------------------------+
| Attempting to start dashboard server on port 3000                           |
+-----------------------------------------------------------------------------+
[RAGBoardTransport] Polling with query: to:board topic:ops
[RAGBoardTransport] Found 4 results

  Message Board (4 messages):
+----------------------------- [1] From: unknown -----------------------------+
| **From:** cli-user **To:** board **Topic:** planner-agent **Priority:**     |
| normal **Time:** 2025-11-23T18:20:58.188644 {"jsonrpc": "2.0", "method":    |
| "agent.execute_task", "params": {"description": "hello from CLI"}, "id": 1} |
+-----------------------------------------------------------------------------+
+----------------------------- [2] From: unknown -----------------------------+
| **From:** cli-user **To:** board **Topic:** planner-agent **Priority:**     |
| normal **Time:** 2025-11-23T18:27:32.034794 {"jsonrpc": "2.0", "method":    |
| "agent.execute_task", "params": {"description": "hello from CLI"}, "id": 1} |
+-----------------------------------------------------------------------------+
+----------------------------- [3] From: unknown -----------------------------+
| **Action**: start **Environment**: development Dashboard server started     |
| automatically by ops agent                                                  |
+-----------------------------------------------------------------------------+
+----------------------------- [4] From: unknown -----------------------------+
| Attempting to start dashboard server on port 3000                           |
+-----------------------------------------------------------------------------+
[RAGBoardTransport] Polling with query: to:board topic:ops
[RAGBoardTransport] Found 4 results

  Message Board (4 messages):
+----------------------------- [1] From: unknown -----------------------------+
| **From:** cli-user **To:** board **Topic:** planner-agent **Priority:**     |
| normal **Time:** 2025-11-23T18:20:58.188644 {"jsonrpc": "2.0", "method":    |
| "agent.execute_task", "params": {"description": "hello from CLI"}, "id": 1} |
+-----------------------------------------------------------------------------+
+----------------------------- [2] From: unknown -----------------------------+
| **From:** cli-user **To:** board **Topic:** planner-agent **Priority:**     |
| normal **Time:** 2025-11-23T18:27:32.034794 {"jsonrpc": "2.0", "method":    |
| "agent.execute_task", "params": {"description": "hello from CLI"}, "id": 1} |
+-----------------------------------------------------------------------------+
+----------------------------- [3] From: unknown -----------------------------+
| **Action**: start **Environment**: development Dashboard server started     |
| automatically by ops agent                                                  |
+-----------------------------------------------------------------------------+
+----------------------------- [4] From: unknown -----------------------------+
| Attempting to start dashboard server on port 3000                           |
+-----------------------------------------------------------------------------+
[RAGBoardTransport] Polling with query: to:board topic:ops
[RAGBoardTransport] Found 4 results

  Message Board (4 messages):
+----------------------------- [1] From: unknown -----------------------------+
| **From:** cli-user **To:** board **Topic:** planner-agent **Priority:**     |
| normal **Time:** 2025-11-23T18:20:58.188644 {"jsonrpc": "2.0", "method":    |
| "agent.execute_task", "params": {"description": "hello from CLI"}, "id": 1} |
+-----------------------------------------------------------------------------+
+----------------------------- [2] From: unknown -----------------------------+
| **From:** cli-user **To:** board **Topic:** planner-agent **Priority:**     |
| normal **Time:** 2025-11-23T18:27:32.034794 {"jsonrpc": "2.0", "method":    |
| "agent.execute_task", "params": {"description": "hello from CLI"}, "id": 1} |
+-----------------------------------------------------------------------------+
+----------------------------- [3] From: unknown -----------------------------+
| **Action**: start **Environment**: development Dashboard server started     |
| automatically by ops agent                                                  |
+-----------------------------------------------------------------------------+
+----------------------------- [4] From: unknown -----------------------------+
| Attempting to start dashboard server on port 3000                           |
+-----------------------------------------------------------------------------+
[RAGBoardTransport] Polling with query: to:board topic:ops
[RAGBoardTransport] Found 4 results

  Message Board (4 messages):
+----------------------------- [1] From: unknown -----------------------------+
| **From:** cli-user **To:** board **Topic:** planner-agent **Priority:**     |
| normal **Time:** 2025-11-23T18:20:58.188644 {"jsonrpc": "2.0", "method":    |
| "agent.execute_task", "params": {"description": "hello from CLI"}, "id": 1} |
+-----------------------------------------------------------------------------+
+----------------------------- [2] From: unknown -----------------------------+
| **From:** cli-user **To:** board **Topic:** planner-agent **Priority:**     |
| normal **Time:** 2025-11-23T18:27:32.034794 {"jsonrpc": "2.0", "method":    |
| "agent.execute_task", "params": {"description": "hello from CLI"}, "id": 1} |
+-----------------------------------------------------------------------------+
+----------------------------- [3] From: unknown -----------------------------+
| **Action**: start **Environment**: development Dashboard server started     |
| automatically by ops agent                                                  |
+-----------------------------------------------------------------------------+
+----------------------------- [4] From: unknown -----------------------------+
| Attempting to start dashboard server on port 3000                           |
+-----------------------------------------------------------------------------+
[RAGBoardTransport] Polling with query: to:board topic:ops
[RAGBoardTransport] Found 4 results

  Message Board (4 messages):
+----------------------------- [1] From: unknown -----------------------------+
| **From:** cli-user **To:** board **Topic:** planner-agent **Priority:**     |
| normal **Time:** 2025-11-23T18:20:58.188644 {"jsonrpc": "2.0", "method":    |
| "agent.execute_task", "params": {"description": "hello from CLI"}, "id": 1} |
+-----------------------------------------------------------------------------+
+----------------------------- [2] From: unknown -----------------------------+
| **From:** cli-user **To:** board **Topic:** planner-agent **Priority:**     |
| normal **Time:** 2025-11-23T18:27:32.034794 {"jsonrpc": "2.0", "method":    |
| "agent.execute_task", "params": {"description": "hello from CLI"}, "id": 1} |
+-----------------------------------------------------------------------------+
+----------------------------- [3] From: unknown -----------------------------+
| **Action**: start **Environment**: development Dashboard server started     |
| automatically by ops agent                                                  |
+-----------------------------------------------------------------------------+
+----------------------------- [4] From: unknown -----------------------------+
| Attempting to start dashboard server on port 3000                           |
+-----------------------------------------------------------------------------+
[RAGBoardTransport] Polling with query: to:board topic:ops
[RAGBoardTransport] Found 4 results

  Message Board (4 messages):
+----------------------------- [1] From: unknown -----------------------------+
| **From:** cli-user **To:** board **Topic:** planner-agent **Priority:**     |
| normal **Time:** 2025-11-23T18:20:58.188644 {"jsonrpc": "2.0", "method":    |
| "agent.execute_task", "params": {"description": "hello from CLI"}, "id": 1} |
+-----------------------------------------------------------------------------+
+----------------------------- [2] From: unknown -----------------------------+
| **From:** cli-user **To:** board **Topic:** planner-agent **Priority:**     |
| normal **Time:** 2025-11-23T18:27:32.034794 {"jsonrpc": "2.0", "method":    |
| "agent.execute_task", "params": {"description": "hello from CLI"}, "id": 1} |
+-----------------------------------------------------------------------------+
+----------------------------- [3] From: unknown -----------------------------+
| **Action**: start **Environment**: development Dashboard server started     |
| automatically by ops agent                                                  |
+-----------------------------------------------------------------------------+
+----------------------------- [4] From: unknown -----------------------------+
| Attempting to start dashboard server on port 3000                           |
+-----------------------------------------------------------------------------+
[RAGBoardTransport] Polling with query: to:board topic:ops
[RAGBoardTransport] Found 4 results

  Message Board (4 messages):
+----------------------------- [1] From: unknown -----------------------------+
| **From:** cli-user **To:** board **Topic:** planner-agent **Priority:**     |
| normal **Time:** 2025-11-23T18:20:58.188644 {"jsonrpc": "2.0", "method":    |
| "agent.execute_task", "params": {"description": "hello from CLI"}, "id": 1} |
+-----------------------------------------------------------------------------+
+----------------------------- [2] From: unknown -----------------------------+
| **From:** cli-user **To:** board **Topic:** planner-agent **Priority:**     |
| normal **Time:** 2025-11-23T18:27:32.034794 {"jsonrpc": "2.0", "method":    |
| "agent.execute_task", "params": {"description": "hello from CLI"}, "id": 1} |
+-----------------------------------------------------------------------------+
+----------------------------- [3] From: unknown -----------------------------+
| **Action**: start **Environment**: development Dashboard server started     |
| automatically by ops agent                                                  |
+-----------------------------------------------------------------------------+
+----------------------------- [4] From: unknown -----------------------------+
| Attempting to start dashboard server on port 3000                           |
+-----------------------------------------------------------------------------+
[RAGBoardTransport] Polling with query: to:board topic:ops
[RAGBoardTransport] Found 4 results

  Message Board (4 messages):
+----------------------------- [1] From: unknown -----------------------------+
| **From:** cli-user **To:** board **Topic:** planner-agent **Priority:**     |
| normal **Time:** 2025-11-23T18:20:58.188644 {"jsonrpc": "2.0", "method":    |
| "agent.execute_task", "params": {"description": "hello from CLI"}, "id": 1} |
+-----------------------------------------------------------------------------+
+----------------------------- [2] From: unknown -----------------------------+
| **From:** cli-user **To:** board **Topic:** planner-agent **Priority:**     |
| normal **Time:** 2025-11-23T18:27:32.034794 {"jsonrpc": "2.0", "method":    |
| "agent.execute_task", "params": {"description": "hello from CLI"}, "id": 1} |
+-----------------------------------------------------------------------------+
+----------------------------- [3] From: unknown -----------------------------+
| **Action**: start **Environment**: development Dashboard server started     |
| automatically by ops agent                                                  |
+-----------------------------------------------------------------------------+
+----------------------------- [4] From: unknown -----------------------------+
| Attempting to start dashboard server on port 3000                           |
+-----------------------------------------------------------------------------+
[RAGBoardTransport] Polling with query: to:board topic:ops
[RAGBoardTransport] Found 4 results

  Message Board (4 messages):
+----------------------------- [1] From: unknown -----------------------------+
| **From:** cli-user **To:** board **Topic:** planner-agent **Priority:**     |
| normal **Time:** 2025-11-23T18:20:58.188644 {"jsonrpc": "2.0", "method":    |
| "agent.execute_task", "params": {"description": "hello from CLI"}, "id": 1} |
+-----------------------------------------------------------------------------+
+----------------------------- [2] From: unknown -----------------------------+
| **From:** cli-user **To:** board **Topic:** planner-agent **Priority:**     |
| normal **Time:** 2025-11-23T18:27:32.034794 {"jsonrpc": "2.0", "method":    |
| "agent.execute_task", "params": {"description": "hello from CLI"}, "id": 1} |
+-----------------------------------------------------------------------------+
+----------------------------- [3] From: unknown -----------------------------+
| **Action**: start **Environment**: development Dashboard server started     |
| automatically by ops agent                                                  |
+-----------------------------------------------------------------------------+
+----------------------------- [4] From: unknown -----------------------------+
| Attempting to start dashboard server on port 3000                           |
+-----------------------------------------------------------------------------+
[RAGBoardTransport] Polling with query: to:board topic:ops
[RAGBoardTransport] Found 4 results

  Message Board (4 messages):
+----------------------------- [1] From: unknown -----------------------------+
| **From:** cli-user **To:** board **Topic:** planner-agent **Priority:**     |
| normal **Time:** 2025-11-23T18:20:58.188644 {"jsonrpc": "2.0", "method":    |
| "agent.execute_task", "params": {"description": "hello from CLI"}, "id": 1} |
+-----------------------------------------------------------------------------+
+----------------------------- [2] From: unknown -----------------------------+
| **From:** cli-user **To:** board **Topic:** planner-agent **Priority:**     |
| normal **Time:** 2025-11-23T18:27:32.034794 {"jsonrpc": "2.0", "method":    |
| "agent.execute_task", "params": {"description": "hello from CLI"}, "id": 1} |
+-----------------------------------------------------------------------------+
+----------------------------- [3] From: unknown -----------------------------+
| **Action**: start **Environment**: development Dashboard server started     |
| automatically by ops agent                                                  |
+-----------------------------------------------------------------------------+
+----------------------------- [4] From: unknown -----------------------------+
| Attempting to start dashboard server on port 3000                           |
+-----------------------------------------------------------------------------+
[RAGBoardTransport] Polling with query: to:board topic:ops
[RAGBoardTransport] Found 4 results

  Message Board (4 messages):
+----------------------------- [1] From: unknown -----------------------------+
| **From:** cli-user **To:** board **Topic:** planner-agent **Priority:**     |
| normal **Time:** 2025-11-23T18:20:58.188644 {"jsonrpc": "2.0", "method":    |
| "agent.execute_task", "params": {"description": "hello from CLI"}, "id": 1} |
+-----------------------------------------------------------------------------+
+----------------------------- [2] From: unknown -----------------------------+
| **From:** cli-user **To:** board **Topic:** planner-agent **Priority:**     |
| normal **Time:** 2025-11-23T18:27:32.034794 {"jsonrpc": "2.0", "method":    |
| "agent.execute_task", "params": {"description": "hello from CLI"}, "id": 1} |
+-----------------------------------------------------------------------------+
+----------------------------- [3] From: unknown -----------------------------+
| **Action**: start **Environment**: development Dashboard server started     |
| automatically by ops agent                                                  |
+-----------------------------------------------------------------------------+
+----------------------------- [4] From: unknown -----------------------------+
| Attempting to start dashboard server on port 3000                           |
+-----------------------------------------------------------------------------+
[RAGBoardTransport] Polling with query: to:board topic:ops
[RAGBoardTransport] Found 4 results

  Message Board (4 messages):
+----------------------------- [1] From: unknown -----------------------------+
| **From:** cli-user **To:** board **Topic:** planner-agent **Priority:**     |
| normal **Time:** 2025-11-23T18:20:58.188644 {"jsonrpc": "2.0", "method":    |
| "agent.execute_task", "params": {"description": "hello from CLI"}, "id": 1} |
+-----------------------------------------------------------------------------+
+----------------------------- [2] From: unknown -----------------------------+
| **From:** cli-user **To:** board **Topic:** planner-agent **Priority:**     |
| normal **Time:** 2025-11-23T18:27:32.034794 {"jsonrpc": "2.0", "method":    |
| "agent.execute_task", "params": {"description": "hello from CLI"}, "id": 1} |
+-----------------------------------------------------------------------------+
+----------------------------- [3] From: unknown -----------------------------+
| **Action**: start **Environment**: development Dashboard server started     |
| automatically by ops agent                                                  |
+-----------------------------------------------------------------------------+
+----------------------------- [4] From: unknown -----------------------------+
| Attempting to start dashboard server on port 3000                           |
+-----------------------------------------------------------------------------+
[RAGBoardTransport] Polling with query: to:board topic:ops
[RAGBoardTransport] Found 4 results

  Message Board (4 messages):
+----------------------------- [1] From: unknown -----------------------------+
| **From:** cli-user **To:** board **Topic:** planner-agent **Priority:**     |
| normal **Time:** 2025-11-23T18:20:58.188644 {"jsonrpc": "2.0", "method":    |
| "agent.execute_task", "params": {"description": "hello from CLI"}, "id": 1} |
+-----------------------------------------------------------------------------+
+----------------------------- [2] From: unknown -----------------------------+
| **From:** cli-user **To:** board **Topic:** planner-agent **Priority:**     |
| normal **Time:** 2025-11-23T18:27:32.034794 {"jsonrpc": "2.0", "method":    |
| "agent.execute_task", "params": {"description": "hello from CLI"}, "id": 1} |
+-----------------------------------------------------------------------------+
+----------------------------- [3] From: unknown -----------------------------+
| **Action**: start **Environment**: development Dashboard server started     |
| automatically by ops agent                                                  |
+-----------------------------------------------------------------------------+
+----------------------------- [4] From: unknown -----------------------------+
| Attempting to start dashboard server on port 3000                           |
+-----------------------------------------------------------------------------+
[RAGBoardTransport] Polling with query: to:board topic:ops
[RAGBoardTransport] Found 4 results

  Message Board (4 messages):
+----------------------------- [1] From: unknown -----------------------------+
| **From:** cli-user **To:** board **Topic:** planner-agent **Priority:**     |
| normal **Time:** 2025-11-23T18:20:58.188644 {"jsonrpc": "2.0", "method":    |
| "agent.execute_task", "params": {"description": "hello from CLI"}, "id": 1} |
+-----------------------------------------------------------------------------+
+----------------------------- [2] From: unknown -----------------------------+
| **From:** cli-user **To:** board **Topic:** planner-agent **Priority:**     |
| normal **Time:** 2025-11-23T18:27:32.034794 {"jsonrpc": "2.0", "method":    |
| "agent.execute_task", "params": {"description": "hello from CLI"}, "id": 1} |
+-----------------------------------------------------------------------------+
+----------------------------- [3] From: unknown -----------------------------+
| **Action**: start **Environment**: development Dashboard server started     |
| automatically by ops agent                                                  |
+-----------------------------------------------------------------------------+
+----------------------------- [4] From: unknown -----------------------------+
| Attempting to start dashboard server on port 3000                           |
+-----------------------------------------------------------------------------+
[RAGBoardTransport] Polling with query: to:board topic:ops
[RAGBoardTransport] Found 4 results

  Message Board (4 messages):
+----------------------------- [1] From: unknown -----------------------------+
| **From:** cli-user **To:** board **Topic:** planner-agent **Priority:**     |
| normal **Time:** 2025-11-23T18:20:58.188644 {"jsonrpc": "2.0", "method":    |
| "agent.execute_task", "params": {"description": "hello from CLI"}, "id": 1} |
+-----------------------------------------------------------------------------+
+----------------------------- [2] From: unknown -----------------------------+
| **From:** cli-user **To:** board **Topic:** planner-agent **Priority:**     |
| normal **Time:** 2025-11-23T18:27:32.034794 {"jsonrpc": "2.0", "method":    |
| "agent.execute_task", "params": {"description": "hello from CLI"}, "id": 1} |
+-----------------------------------------------------------------------------+
+----------------------------- [3] From: unknown -----------------------------+
| **Action**: start **Environment**: development Dashboard server started     |
| automatically by ops agent                                                  |
+-----------------------------------------------------------------------------+
+----------------------------- [4] From: unknown -----------------------------+
| Attempting to start dashboard server on port 3000                           |
+-----------------------------------------------------------------------------+
[RAGBoardTransport] Polling with query: to:board topic:ops
[RAGBoardTransport] Found 4 results

  Message Board (4 messages):
+----------------------------- [1] From: unknown -----------------------------+
| **From:** cli-user **To:** board **Topic:** planner-agent **Priority:**     |
| normal **Time:** 2025-11-23T18:20:58.188644 {"jsonrpc": "2.0", "method":    |
| "agent.execute_task", "params": {"description": "hello from CLI"}, "id": 1} |
+-----------------------------------------------------------------------------+
+----------------------------- [2] From: unknown -----------------------------+
| **From:** cli-user **To:** board **Topic:** planner-agent **Priority:**     |
| normal **Time:** 2025-11-23T18:27:32.034794 {"jsonrpc": "2.0", "method":    |
| "agent.execute_task", "params": {"description": "hello from CLI"}, "id": 1} |
+-----------------------------------------------------------------------------+
+----------------------------- [3] From: unknown -----------------------------+
| **Action**: start **Environment**: development Dashboard server started     |
| automatically by ops agent                                                  |
+-----------------------------------------------------------------------------+
+----------------------------- [4] From: unknown -----------------------------+
| Attempting to start dashboard server on port 3000                           |
+-----------------------------------------------------------------------------+
[RAGBoardTransport] Polling with query: to:board topic:ops
[RAGBoardTransport] Found 4 results

  Message Board (4 messages):
+----------------------------- [1] From: unknown -----------------------------+
| **From:** cli-user **To:** board **Topic:** planner-agent **Priority:**     |
| normal **Time:** 2025-11-23T18:20:58.188644 {"jsonrpc": "2.0", "method":    |
| "agent.execute_task", "params": {"description": "hello from CLI"}, "id": 1} |
+-----------------------------------------------------------------------------+
+----------------------------- [2] From: unknown -----------------------------+
| **From:** cli-user **To:** board **Topic:** planner-agent **Priority:**     |
| normal **Time:** 2025-11-23T18:27:32.034794 {"jsonrpc": "2.0", "method":    |
| "agent.execute_task", "params": {"description": "hello from CLI"}, "id": 1} |
+-----------------------------------------------------------------------------+
+----------------------------- [3] From: unknown -----------------------------+
| **Action**: start **Environment**: development Dashboard server started     |
| automatically by ops agent                                                  |
+-----------------------------------------------------------------------------+
+----------------------------- [4] From: unknown -----------------------------+
| Attempting to start dashboard server on port 3000                           |
+-----------------------------------------------------------------------------+
[RAGBoardTransport] Polling with query: to:board topic:ops
[RAGBoardTransport] Found 4 results

  Message Board (4 messages):
+----------------------------- [1] From: unknown -----------------------------+
| **From:** cli-user **To:** board **Topic:** planner-agent **Priority:**     |
| normal **Time:** 2025-11-23T18:20:58.188644 {"jsonrpc": "2.0", "method":    |
| "agent.execute_task", "params": {"description": "hello from CLI"}, "id": 1} |
+-----------------------------------------------------------------------------+
+----------------------------- [2] From: unknown -----------------------------+
| **From:** cli-user **To:** board **Topic:** planner-agent **Priority:**     |
| normal **Time:** 2025-11-23T18:27:32.034794 {"jsonrpc": "2.0", "method":    |
| "agent.execute_task", "params": {"description": "hello from CLI"}, "id": 1} |
+-----------------------------------------------------------------------------+
+----------------------------- [3] From: unknown -----------------------------+
| **Action**: start **Environment**: development Dashboard server started     |
| automatically by ops agent                                                  |
+-----------------------------------------------------------------------------+
+----------------------------- [4] From: unknown -----------------------------+
| Attempting to start dashboard server on port 3000                           |
+-----------------------------------------------------------------------------+
[RAGBoardTransport] Polling with query: to:board topic:ops
[RAGBoardTransport] Found 4 results

  Message Board (4 messages):
+----------------------------- [1] From: unknown -----------------------------+
| **From:** cli-user **To:** board **Topic:** planner-agent **Priority:**     |
| normal **Time:** 2025-11-23T18:20:58.188644 {"jsonrpc": "2.0", "method":    |
| "agent.execute_task", "params": {"description": "hello from CLI"}, "id": 1} |
+-----------------------------------------------------------------------------+
+----------------------------- [2] From: unknown -----------------------------+
| **From:** cli-user **To:** board **Topic:** planner-agent **Priority:**     |
| normal **Time:** 2025-11-23T18:27:32.034794 {"jsonrpc": "2.0", "method":    |
| "agent.execute_task", "params": {"description": "hello from CLI"}, "id": 1} |
+-----------------------------------------------------------------------------+
+----------------------------- [3] From: unknown -----------------------------+
| **Action**: start **Environment**: development Dashboard server started     |
| automatically by ops agent                                                  |
+-----------------------------------------------------------------------------+
+----------------------------- [4] From: unknown -----------------------------+
| Attempting to start dashboard server on port 3000                           |
+-----------------------------------------------------------------------------+
[RAGBoardTransport] Polling with query: to:board topic:ops
[RAGBoardTransport] Found 4 results

  Message Board (4 messages):
+----------------------------- [1] From: unknown -----------------------------+
| **From:** cli-user **To:** board **Topic:** planner-agent **Priority:**     |
| normal **Time:** 2025-11-23T18:20:58.188644 {"jsonrpc": "2.0", "method":    |
| "agent.execute_task", "params": {"description": "hello from CLI"}, "id": 1} |
+-----------------------------------------------------------------------------+
+----------------------------- [2] From: unknown -----------------------------+
| **From:** cli-user **To:** board **Topic:** planner-agent **Priority:**     |
| normal **Time:** 2025-11-23T18:27:32.034794 {"jsonrpc": "2.0", "method":    |
| "agent.execute_task", "params": {"description": "hello from CLI"}, "id": 1} |
+-----------------------------------------------------------------------------+
+----------------------------- [3] From: unknown -----------------------------+
| **Action**: start **Environment**: development Dashboard server started     |
| automatically by ops agent                                                  |
+-----------------------------------------------------------------------------+
+----------------------------- [4] From: unknown -----------------------------+
| Attempting to start dashboard server on port 3000                           |
+-----------------------------------------------------------------------------+
[RAGBoardTransport] Polling with query: to:board topic:ops
[RAGBoardTransport] Found 4 results

  Message Board (4 messages):
+----------------------------- [1] From: unknown -----------------------------+
| **From:** cli-user **To:** board **Topic:** planner-agent **Priority:**     |
| normal **Time:** 2025-11-23T18:20:58.188644 {"jsonrpc": "2.0", "method":    |
| "agent.execute_task", "params": {"description": "hello from CLI"}, "id": 1} |
+-----------------------------------------------------------------------------+
+----------------------------- [2] From: unknown -----------------------------+
| **From:** cli-user **To:** board **Topic:** planner-agent **Priority:**     |
| normal **Time:** 2025-11-23T18:27:32.034794 {"jsonrpc": "2.0", "method":    |
| "agent.execute_task", "params": {"description": "hello from CLI"}, "id": 1} |
+-----------------------------------------------------------------------------+
+----------------------------- [3] From: unknown -----------------------------+
| **Action**: start **Environment**: development Dashboard server started     |
| automatically by ops agent                                                  |
+-----------------------------------------------------------------------------+
+----------------------------- [4] From: unknown -----------------------------+
| Attempting to start dashboard server on port 3000                           |
+-----------------------------------------------------------------------------+
[RAGBoardTransport] Polling with query: to:board topic:ops
[RAGBoardTransport] Found 4 results

  Message Board (4 messages):
+----------------------------- [1] From: unknown -----------------------------+
| **From:** cli-user **To:** board **Topic:** planner-agent **Priority:**     |
| normal **Time:** 2025-11-23T18:20:58.188644 {"jsonrpc": "2.0", "method":    |
| "agent.execute_task", "params": {"description": "hello from CLI"}, "id": 1} |
+-----------------------------------------------------------------------------+
+----------------------------- [2] From: unknown -----------------------------+
| **From:** cli-user **To:** board **Topic:** planner-agent **Priority:**     |
| normal **Time:** 2025-11-23T18:27:32.034794 {"jsonrpc": "2.0", "method":    |
| "agent.execute_task", "params": {"description": "hello from CLI"}, "id": 1} |
+-----------------------------------------------------------------------------+
+----------------------------- [3] From: unknown -----------------------------+
| **Action**: start **Environment**: development Dashboard server started     |
| automatically by ops agent                                                  |
+-----------------------------------------------------------------------------+
+----------------------------- [4] From: unknown -----------------------------+
| Attempting to start dashboard server on port 3000                           |
+-----------------------------------------------------------------------------+
[RAGBoardTransport] Polling with query: to:board topic:ops
[RAGBoardTransport] Found 4 results

  Message Board (4 messages):
+----------------------------- [1] From: unknown -----------------------------+
| **From:** cli-user **To:** board **Topic:** planner-agent **Priority:**     |
| normal **Time:** 2025-11-23T18:20:58.188644 {"jsonrpc": "2.0", "method":    |
| "agent.execute_task", "params": {"description": "hello from CLI"}, "id": 1} |
+-----------------------------------------------------------------------------+
+----------------------------- [2] From: unknown -----------------------------+
| **From:** cli-user **To:** board **Topic:** planner-agent **Priority:**     |
| normal **Time:** 2025-11-23T18:27:32.034794 {"jsonrpc": "2.0", "method":    |
| "agent.execute_task", "params": {"description": "hello from CLI"}, "id": 1} |
+-----------------------------------------------------------------------------+
+----------------------------- [3] From: unknown -----------------------------+
| **Action**: start **Environment**: development Dashboard server started     |
| automatically by ops agent                                                  |
+-----------------------------------------------------------------------------+
+----------------------------- [4] From: unknown -----------------------------+
| Attempting to start dashboard server on port 3000                           |
+-----------------------------------------------------------------------------+
[RAGBoardTransport] Polling with query: to:board topic:ops
[RAGBoardTransport] Found 4 results

  Message Board (4 messages):
+----------------------------- [1] From: unknown -----------------------------+
| **From:** cli-user **To:** board **Topic:** planner-agent **Priority:**     |
| normal **Time:** 2025-11-23T18:20:58.188644 {"jsonrpc": "2.0", "method":    |
| "agent.execute_task", "params": {"description": "hello from CLI"}, "id": 1} |
+-----------------------------------------------------------------------------+
+----------------------------- [2] From: unknown -----------------------------+
| **From:** cli-user **To:** board **Topic:** planner-agent **Priority:**     |
| normal **Time:** 2025-11-23T18:27:32.034794 {"jsonrpc": "2.0", "method":    |
| "agent.execute_task", "params": {"description": "hello from CLI"}, "id": 1} |
+-----------------------------------------------------------------------------+
+----------------------------- [3] From: unknown -----------------------------+
| **Action**: start **Environment**: development Dashboard server started     |
| automatically by ops agent                                                  |
+-----------------------------------------------------------------------------+
+----------------------------- [4] From: unknown -----------------------------+
| Attempting to start dashboard server on port 3000                           |
+-----------------------------------------------------------------------------+
[RAGBoardTransport] Polling with query: to:board topic:ops
[RAGBoardTransport] Found 4 results

  Message Board (4 messages):
+----------------------------- [1] From: unknown -----------------------------+
| **From:** cli-user **To:** board **Topic:** planner-agent **Priority:**     |
| normal **Time:** 2025-11-23T18:20:58.188644 {"jsonrpc": "2.0", "method":    |
| "agent.execute_task", "params": {"description": "hello from CLI"}, "id": 1} |
+-----------------------------------------------------------------------------+
+----------------------------- [2] From: unknown -----------------------------+
| **From:** cli-user **To:** board **Topic:** planner-agent **Priority:**     |
| normal **Time:** 2025-11-23T18:27:32.034794 {"jsonrpc": "2.0", "method":    |
| "agent.execute_task", "params": {"description": "hello from CLI"}, "id": 1} |
+-----------------------------------------------------------------------------+
+----------------------------- [3] From: unknown -----------------------------+
| **Action**: start **Environment**: development Dashboard server started     |
| automatically by ops agent                                                  |
+-----------------------------------------------------------------------------+
+----------------------------- [4] From: unknown -----------------------------+
| Attempting to start dashboard server on port 3000                           |
+-----------------------------------------------------------------------------+
[RAGBoardTransport] Polling with query: to:board topic:ops
[RAGBoardTransport] Found 4 results

  Message Board (4 messages):
+----------------------------- [1] From: unknown -----------------------------+
| **From:** cli-user **To:** board **Topic:** planner-agent **Priority:**     |
| normal **Time:** 2025-11-23T18:20:58.188644 {"jsonrpc": "2.0", "method":    |
| "agent.execute_task", "params": {"description": "hello from CLI"}, "id": 1} |
+-----------------------------------------------------------------------------+
+----------------------------- [2] From: unknown -----------------------------+
| **From:** cli-user **To:** board **Topic:** planner-agent **Priority:**     |
| normal **Time:** 2025-11-23T18:27:32.034794 {"jsonrpc": "2.0", "method":    |
| "agent.execute_task", "params": {"description": "hello from CLI"}, "id": 1} |
+-----------------------------------------------------------------------------+
+----------------------------- [3] From: unknown -----------------------------+
| **Action**: start **Environment**: development Dashboard server started     |
| automatically by ops agent                                                  |
+-----------------------------------------------------------------------------+
+----------------------------- [4] From: unknown -----------------------------+
| Attempting to start dashboard server on port 3000                           |
+-----------------------------------------------------------------------------+
