
[[ Letta server // v0.14.0 ]]
Letta.letta.server.global_exception_handler - INFO - Global exception handlers initialized
C:\Users\NewUser\AppData\Local\Programs\Python\Python313\Lib\site-packages\fastapi\openapi\utils.py:225: UserWarning: Duplicate Operation ID create_chat_completion for function create_chat_completion at C:\Users\NewUser\AppData\Local\Programs\Python\Python313\Lib\site-packages\letta\server\rest_api\routers\v1\chat_completions.py
  warnings.warn(message, stacklevel=1)
Server running at: http://localhost:8283
View using ADE at: https://app.letta.com/development-servers/local/dashboard

INFO:     Started server process [17092]
INFO:     Waiting for application startup.
Letta.letta.server.rest_api.app - INFO - [Worker 17092] Disabled pinecone
Letta.letta.server.rest_api.app - INFO - [Worker 17092] Starting scheduler with leader election
Default user: id='user-00000000-0000-4000-8000-000000000000' organization_id='org-00000000-0000-4000-8000-000000000000' name='default_user' created_at=datetime.datetime(2025, 11, 24, 2, 15, 45) updated_at=datetime.datetime(2025, 11, 24, 2, 15, 45) is_deleted=False and org: id='org-00000000-0000-4000-8000-000000000000' name='default_org' created_at=datetime.datetime(2025, 11, 24, 2, 15, 45, 901846) privileged_tools=False
Letta.letta.data_sources.redis_client - INFO - Redis not configured, using noop client
Letta.letta.jobs.scheduler - INFO - Batch job polling is disabled.
Letta.letta.server.rest_api.app - INFO - [Worker 17092] Scheduler initialization completed
Letta.letta.server.rest_api.app - INFO - [Worker 17092] Lifespan startup completed
INFO:     Application startup complete.
INFO:     Uvicorn running on http://localhost:8283 (Press CTRL+C to quit)
Letta.letta.server.rest_api.middleware.logging - INFO - Incoming request: GET /health
INFO:     ::1:61992 - "GET /health HTTP/1.1" 404 Not Found
Letta.letta.server.rest_api.middleware.logging - INFO - Incoming request: GET /health
INFO:     ::1:63387 - "GET /health HTTP/1.1" 404 Not Found
Letta.letta.server.rest_api.middleware.logging - INFO - Incoming request: GET /
INFO:     ::1:61360 - "GET / HTTP/1.1" 200 OK
Letta.letta.server.rest_api.middleware.logging - INFO - Incoming request: GET /v1/health
INFO:     ::1:64856 - "GET /v1/health HTTP/1.1" 307 Temporary Redirect
Letta.letta.server.rest_api.middleware.logging - INFO - Incoming request: GET /api/health
INFO:     ::1:54655 - "GET /api/health HTTP/1.1" 404 Not Found
Letta.letta.server.rest_api.middleware.logging - INFO - Incoming request: GET /docs
INFO:     ::1:51741 - "GET /docs HTTP/1.1" 200 OK
Letta.letta.server.rest_api.middleware.logging - INFO - Incoming request: GET /v1
INFO:     ::1:58207 - "GET /v1 HTTP/1.1" 404 Not Found
Letta.letta.server.rest_api.middleware.logging - INFO - Incoming request: GET /api
INFO:     ::1:60604 - "GET /api HTTP/1.1" 404 Not Found
Letta.letta.server.rest_api.middleware.logging - INFO - Incoming request: GET /openapi.json
INFO:     ::1:62145 - "GET /openapi.json HTTP/1.1" 200 OK
Letta.letta.server.rest_api.middleware.logging - INFO - Incoming request: GET /openapi.json
INFO:     ::1:49788 - "GET /openapi.json HTTP/1.1" 200 OK
Letta.letta.server.rest_api.middleware.logging - INFO - Incoming request: GET /openapi.json
INFO:     ::1:58381 - "GET /openapi.json HTTP/1.1" 200 OK
Letta.letta.server.rest_api.middleware.logging - INFO - Incoming request: HEAD /
INFO:     ::1:64143 - "HEAD / HTTP/1.1" 405 Method Not Allowed
Letta.letta.server.rest_api.middleware.logging - INFO - Incoming request: GET /v1/health/
INFO:     ::1:59816 - "GET /v1/health/ HTTP/1.1" 200 OK
Letta.letta.server.rest_api.middleware.logging - INFO - Incoming request: GET /v1/health/
INFO:     ::1:53332 - "GET /v1/health/ HTTP/1.1" 200 OK
